<?xml version="1.0" encoding="UTF-8"?>
<testng-results skipped="0" failed="0" total="2" passed="2">
  <reporter-output>
    <line>
      <![CDATA[Application Opened]]>
    </line>
    <line>
      <![CDATA[Login Completed]]>
    </line>
    <line>
      <![CDATA[Logout Completed]]>
    </line>
    <line>
      <![CDATA[Application Closed]]>
    </line>
    <line>
      <![CDATA[Application Opened]]>
    </line>
    <line>
      <![CDATA[Login Completed]]>
    </line>
    <line>
      <![CDATA[New emp Added]]>
    </line>
    <line>
      <![CDATA[Delete Emp]]>
    </line>
    <line>
      <![CDATA[Logout Completed]]>
    </line>
    <line>
      <![CDATA[Application Closed]]>
    </line>
  </reporter-output>
  <suite name="Suite1" duration-ms="107777" started-at="2021-08-03T15:39:16Z" finished-at="2021-08-03T15:41:04Z">
    <groups>
    </groups>
    <test name="Regression1" duration-ms="107777" started-at="2021-08-03T15:39:16Z" finished-at="2021-08-03T15:41:04Z">
      <class name="com.hrms.testscripts.TC001">
        <test-method status="PASS" signature="tc001()[pri:0, instance:com.hrms.testscripts.TC001@153f538]" name="tc001" duration-ms="49515" started-at="2021-08-03T21:09:16Z" finished-at="2021-08-03T21:10:05Z">
          <reporter-output>
            <line>
              <![CDATA[Application Opened]]>
            </line>
            <line>
              <![CDATA[Login Completed]]>
            </line>
            <line>
              <![CDATA[Logout Completed]]>
            </line>
            <line>
              <![CDATA[Application Closed]]>
            </line>
          </reporter-output>
        </test-method> <!-- tc001 -->
      </class> <!-- com.hrms.testscripts.TC001 -->
      <class name="com.hrms.testscripts.TC002">
        <test-method status="PASS" signature="tc002()[pri:0, instance:com.hrms.testscripts.TC002@10f8e03]" name="tc002" duration-ms="58230" started-at="2021-08-03T21:10:05Z" finished-at="2021-08-03T21:11:04Z">
          <reporter-output>
            <line>
              <![CDATA[Application Opened]]>
            </line>
            <line>
              <![CDATA[Login Completed]]>
            </line>
            <line>
              <![CDATA[New emp Added]]>
            </line>
            <line>
              <![CDATA[Delete Emp]]>
            </line>
            <line>
              <![CDATA[Logout Completed]]>
            </line>
            <line>
              <![CDATA[Application Closed]]>
            </line>
          </reporter-output>
        </test-method> <!-- tc002 -->
      </class> <!-- com.hrms.testscripts.TC002 -->
    </test> <!-- Regression1 -->
  </suite> <!-- Suite1 -->
</testng-results>
